<?xml version="1.0" encoding="UTF-8"?>
<!-- Generated by org.testng.reporters.JUnitReportReporter -->
<testsuite skipped="0" hostname="LAPTOP-MJBTG76S" name="APIautomation.APIautomation.App" tests="1" failures="0" timestamp="21 May 2020 17:36:05 GMT" time="7.178" errors="0">
  <testcase name="testrun" time="7.178" classname="APIautomation.APIautomation.App"/>
</testsuite> <!-- APIautomation.APIautomation.App -->
